<?xml version="1.0" encoding="UTF-8"?>
<!-- Generated by org.testng.reporters.JUnitXMLReporter -->
<testsuite ignored="0" hostname="DESKTOP-5S9HHCU" failures="0" tests="15" name="Test" time="61.174" errors="0" timestamp="2025-03-16T20:46:39 IST">
  <testcase classname="baseLibrary_March.BaseLibrary_March" name="@BeforeClass getUrl_testingbaba" time="-1.742138198949E9">
    <failure type="org.testng.TestNGException" message="
Can inject only one of &amp;lt;ITestContext, XmlTest&amp;gt; into a @BeforeClass annotated getUrl_testingbaba.
For more information on native dependency injection please refer to https://testng.org/#_dependency_injection">
      <![CDATA[org.testng.TestNGException: 
Can inject only one of <ITestContext, XmlTest> into a @BeforeClass annotated getUrl_testingbaba.
For more information on native dependency injection please refer to https://testng.org/#_dependency_injection
at java.base/java.util.ArrayList.forEach(ArrayList.java:1511)
... Removed 22 stack frames]]>
    </failure>
  </testcase> <!-- @BeforeClass getUrl_testingbaba -->
  <testcase classname="baseLibrary_March.BaseLibrary_March" name="@BeforeMethod teardown" time="0.0">
    <skipped/>
  </testcase> <!-- @BeforeMethod teardown -->
  <testcase classname="baseLibrary_March.BaseLibrary_March" name="@BeforeMethod teardown" time="0.0">
    <skipped/>
  </testcase> <!-- @BeforeMethod teardown -->
  <testcase classname="baseLibrary_March.BaseLibrary_March" name="@BeforeClass getUrl_testingbaba" time="-1.742138199119E9">
    <failure type="org.testng.TestNGException" message="
Can inject only one of &amp;lt;ITestContext, XmlTest&amp;gt; into a @BeforeClass annotated getUrl_testingbaba.
For more information on native dependency injection please refer to https://testng.org/#_dependency_injection">
      <![CDATA[org.testng.TestNGException: 
Can inject only one of <ITestContext, XmlTest> into a @BeforeClass annotated getUrl_testingbaba.
For more information on native dependency injection please refer to https://testng.org/#_dependency_injection
at java.base/java.util.ArrayList.forEach(ArrayList.java:1511)
... Removed 22 stack frames]]>
    </failure>
  </testcase> <!-- @BeforeClass getUrl_testingbaba -->
  <testcase classname="baseLibrary_March.BaseLibrary_March" name="@BeforeMethod teardown" time="0.0">
    <skipped/>
  </testcase> <!-- @BeforeMethod teardown -->
  <testcase classname="baseLibrary_March.BaseLibrary_March" name="@BeforeMethod teardown" time="0.0">
    <skipped/>
  </testcase> <!-- @BeforeMethod teardown -->
  <testcase classname="baseLibrary_March.BaseLibrary_March" name="@BeforeClass getUrl_testingbaba" time="-1.742138199236E9">
    <failure type="org.testng.TestNGException" message="
Can inject only one of &amp;lt;ITestContext, XmlTest&amp;gt; into a @BeforeClass annotated getUrl_testingbaba.
For more information on native dependency injection please refer to https://testng.org/#_dependency_injection">
      <![CDATA[org.testng.TestNGException: 
Can inject only one of <ITestContext, XmlTest> into a @BeforeClass annotated getUrl_testingbaba.
For more information on native dependency injection please refer to https://testng.org/#_dependency_injection
at java.base/java.util.ArrayList.forEach(ArrayList.java:1511)
... Removed 22 stack frames]]>
    </failure>
  </testcase> <!-- @BeforeClass getUrl_testingbaba -->
  <testcase classname="baseLibrary_March.BaseLibrary_March" name="@BeforeMethod teardown" time="0.0">
    <skipped/>
  </testcase> <!-- @BeforeMethod teardown -->
  <testcase classname="baseLibrary_March.BaseLibrary_March" name="@BeforeMethod teardown" time="0.0">
    <skipped/>
  </testcase> <!-- @BeforeMethod teardown -->
  <testcase classname="baseLibrary_March.BaseLibrary_March" name="@BeforeMethod teardown" time="0.0">
    <skipped/>
  </testcase> <!-- @BeforeMethod teardown -->
  <testcase classname="baseLibrary_March.BaseLibrary_March" name="@BeforeClass getUrl_testingbaba" time="-1.742138199292E9">
    <failure type="org.testng.TestNGException" message="
Can inject only one of &amp;lt;ITestContext, XmlTest&amp;gt; into a @BeforeClass annotated getUrl_testingbaba.
For more information on native dependency injection please refer to https://testng.org/#_dependency_injection">
      <![CDATA[org.testng.TestNGException: 
Can inject only one of <ITestContext, XmlTest> into a @BeforeClass annotated getUrl_testingbaba.
For more information on native dependency injection please refer to https://testng.org/#_dependency_injection
at java.base/java.util.ArrayList.forEach(ArrayList.java:1511)
... Removed 22 stack frames]]>
    </failure>
  </testcase> <!-- @BeforeClass getUrl_testingbaba -->
  <testcase classname="baseLibrary_March.BaseLibrary_March" name="@BeforeMethod teardown" time="0.0">
    <skipped/>
  </testcase> <!-- @BeforeMethod teardown -->
  <testcase classname="baseLibrary_March.BaseLibrary_March" name="@BeforeMethod teardown" time="0.0">
    <skipped/>
  </testcase> <!-- @BeforeMethod teardown -->
  <testcase classname="baseLibrary_March.BaseLibrary_March" name="@BeforeMethod teardown" time="0.0">
    <skipped/>
  </testcase> <!-- @BeforeMethod teardown -->
  <testcase classname="baseLibrary_March.BaseLibrary_March" name="@BeforeClass getUrl_testingbaba" time="-1.742138199325E9">
    <failure type="org.testng.TestNGException" message="
Can inject only one of &amp;lt;ITestContext, XmlTest&amp;gt; into a @BeforeClass annotated getUrl_testingbaba.
For more information on native dependency injection please refer to https://testng.org/#_dependency_injection">
      <![CDATA[org.testng.TestNGException: 
Can inject only one of <ITestContext, XmlTest> into a @BeforeClass annotated getUrl_testingbaba.
For more information on native dependency injection please refer to https://testng.org/#_dependency_injection
at java.base/java.util.ArrayList.forEach(ArrayList.java:1511)
... Removed 22 stack frames]]>
    </failure>
  </testcase> <!-- @BeforeClass getUrl_testingbaba -->
  <testcase classname="baseLibrary_March.BaseLibrary_March" name="@BeforeMethod teardown" time="0.0">
    <skipped/>
  </testcase> <!-- @BeforeMethod teardown -->
  <testcase classname="baseLibrary_March.BaseLibrary_March" name="@BeforeMethod teardown" time="0.0">
    <skipped/>
  </testcase> <!-- @BeforeMethod teardown -->
  <testcase classname="baseLibrary_March.BaseLibrary_March" name="@BeforeMethod teardown" time="0.0">
    <skipped/>
  </testcase> <!-- @BeforeMethod teardown -->
  <testcase classname="baseLibrary_March.BaseLibrary_March" name="@BeforeClass getUrl_testingbaba" time="-1.742138199372E9">
    <failure type="org.testng.TestNGException" message="
Can inject only one of &amp;lt;ITestContext, XmlTest&amp;gt; into a @BeforeClass annotated getUrl_testingbaba.
For more information on native dependency injection please refer to https://testng.org/#_dependency_injection">
      <![CDATA[org.testng.TestNGException: 
Can inject only one of <ITestContext, XmlTest> into a @BeforeClass annotated getUrl_testingbaba.
For more information on native dependency injection please refer to https://testng.org/#_dependency_injection
at java.base/java.util.ArrayList.forEach(ArrayList.java:1511)
... Removed 22 stack frames]]>
    </failure>
  </testcase> <!-- @BeforeClass getUrl_testingbaba -->
  <testcase classname="baseLibrary_March.BaseLibrary_March" name="@BeforeMethod teardown" time="0.0">
    <skipped/>
  </testcase> <!-- @BeforeMethod teardown -->
  <testcase classname="baseLibrary_March.BaseLibrary_March" name="@BeforeMethod teardown" time="0.0">
    <skipped/>
  </testcase> <!-- @BeforeMethod teardown -->
  <testcase classname="testScript_March.checkbox_test" name="ClickOnCheckboxbtn" time="0.0">
    <skipped/>
  </testcase> <!-- ClickOnCheckboxbtn -->
  <testcase classname="testScript_March.checkbox_test" name="ClickOnGagetsbtn" time="0.0">
    <skipped/>
  </testcase> <!-- ClickOnGagetsbtn -->
  <testcase classname="testScript_March.Radobutton_test" name="ClickonRadiobuttonbtn" time="0.002">
    <skipped/>
  </testcase> <!-- ClickonRadiobuttonbtn -->
  <testcase classname="testScript_March.Radobutton_test" name="ClickOnButtobbtn" time="0.0">
    <skipped/>
  </testcase> <!-- ClickOnButtobbtn -->
  <testcase classname="testScript_March.Link_test" name="ClickLinksbtn" time="0.0">
    <skipped/>
  </testcase> <!-- ClickLinksbtn -->
  <testcase classname="testScript_March.Link_test" name="ClickDemopagebtn" time="0.0">
    <skipped/>
  </testcase> <!-- ClickDemopagebtn -->
  <testcase classname="testScript_March.Link_test" name="ClickAPIbtn" time="0.0">
    <skipped/>
  </testcase> <!-- ClickAPIbtn -->
  <testcase classname="testScript_March.Webtable_Test" name="ClickOnwebtable" time="0.0">
    <skipped/>
  </testcase> <!-- ClickOnwebtable -->
  <testcase classname="testScript_March.Webtable_Test" name="ClickOnDetails" time="0.0">
    <skipped/>
  </testcase> <!-- ClickOnDetails -->
  <testcase classname="testScript_March.Webtable_Test" name="getupdated_UIdata" time="0.0">
    <skipped/>
  </testcase> <!-- getupdated_UIdata -->
  <testcase classname="testScript_March.Textbox_test" name="ClickOnTextboxbtn" time="0.0">
    <skipped/>
  </testcase> <!-- ClickOnTextboxbtn -->
  <testcase classname="testScript_March.Textbox_test" name="getfillDetails" time="0.005">
    <skipped/>
  </testcase> <!-- getfillDetails -->
  <testcase classname="testScript_March.Textbox_test" name="getDetails" time="0.0">
    <skipped/>
  </testcase> <!-- getDetails -->
  <testcase classname="testScript_March.Button_test" name="ClickOnButtonbtn" time="0.001">
    <skipped/>
  </testcase> <!-- ClickOnButtonbtn -->
  <testcase classname="testScript_March.Button_test" name="ClickOnActionButtonbtn" time="0.0">
    <skipped/>
  </testcase> <!-- ClickOnActionButtonbtn -->
</testsuite> <!-- Test -->
